slurmstepd: error: execve(): Testing.py: Permission denied
srun: error: blg9322: task 0: Exited with exit code 13
